<?xml version="1.0" encoding="UTF-8"?>
<!-- Generated by org.testng.reporters.JUnitReportReporter -->
<testsuite hostname="Shreyul" failures="0" tests="1" name="Requests.PutPatchandDelete" time="10.583" errors="0" timestamp="2023-07-02T18:03:32 EDT" skipped="0">
  <testcase classname="Requests.PutPatchandDelete" name="testDELETE" time="10.583"/>
  <system-out/>
</testsuite> <!-- Requests.PutPatchandDelete -->
