<?xml version="1.0" encoding="UTF-8"?>
<!-- Generated by org.testng.reporters.JUnitReportReporter -->
<testsuite hostname="Shreyul" failures="0" tests="1" name="Requests.TestOnLocalAPI" time="4.861" errors="0" timestamp="2023-07-02T21:35:52 EDT" skipped="0">
  <testcase classname="Requests.TestOnLocalAPI" name="delete" time="4.861"/>
  <system-out/>
</testsuite> <!-- Requests.TestOnLocalAPI -->
