<?xml version="1.0" encoding="UTF-8"?>
<!-- Generated by org.testng.reporters.JUnitReportReporter -->
<testsuite hostname="Shreyul" failures="0" tests="2" name="Requests.TC001_GET_Request" time="16.534" errors="0" timestamp="2023-07-02T17:11:08 EDT" skipped="0">
  <testcase classname="Requests.TC001_GET_Request" name="test2" time="6.398"/>
  <system-out/>
  <testcase classname="Requests.TC001_GET_Request" name="test1" time="10.136"/>
  <system-out/>
</testsuite> <!-- Requests.TC001_GET_Request -->
