<?xml version="1.0" encoding="UTF-8"?>
<!-- Generated by org.testng.reporters.JUnitReportReporter -->
<testsuite hostname="Shreyul" failures="0" tests="1" name="Requests.GETandPOST" time="3.617" errors="0" timestamp="2023-07-02T17:44:39 EDT" skipped="0">
  <testcase classname="Requests.GETandPOST" name="testPOST" time="3.617"/>
  <system-out/>
</testsuite> <!-- Requests.GETandPOST -->
