<?xml version="1.0" encoding="UTF-8"?>
<!-- Generated by org.testng.reporters.JUnitReportReporter -->
<testsuite hostname="Shreyul" failures="0" tests="4" name="Requests.SoapXMLRequest" time="5.427" errors="0" timestamp="2023-07-03T11:41:03 EDT" skipped="0">
  <testcase classname="Requests.SoapXMLRequest" name="SoapXMLadd" time="4.629"/>
  <system-out/>
  <testcase classname="Requests.SoapXMLRequest" name="SoapXMLsubtract" time="0.265"/>
  <system-out/>
  <testcase classname="Requests.SoapXMLRequest" name="SoapXMLmultiply" time="0.249"/>
  <system-out/>
  <testcase classname="Requests.SoapXMLRequest" name="SoapXMLdivide" time="0.284"/>
  <system-out/>
</testsuite> <!-- Requests.SoapXMLRequest -->
