<?xml version="1.0" encoding="UTF-8"?>
<!-- Generated by org.testng.reporters.JUnitReportReporter -->
<testsuite hostname="Shreyul" failures="0" tests="1" name="Requests.JSONSchemaValidator" time="4.967" errors="0" timestamp="2023-07-03T13:57:31 EDT" skipped="0">
  <testcase classname="Requests.JSONSchemaValidator" name="testGet" time="4.967"/>
  <system-out/>
</testsuite> <!-- Requests.JSONSchemaValidator -->
